build/app/intermediates/manifest_merge_blame_file/debug/manifest-merger-blame-debug-report.txt
1<?xml version="1.0" encoding="utf-8"?>
2<manifest xmlns:android="http://schemas.android.com/apk/res/android"
3    package="com.neobrix.singularity_flutter_example"
4    android:versionCode="1"
5    android:versionName="1.0" >
6
7    <uses-sdk
8        android:minSdkVersion="23"
9        android:targetSdkVersion="31" />
10    <!--
11         The INTERNET permission is required for development. Specifically,
12         the Flutter tool needs it to communicate with the running application
13         to allow setting breakpoints, to provide hot reload, etc.
14    -->
15    <uses-permission android:name="android.permission.INTERNET" />
15-->src/debug/AndroidManifest.xml:7:5-66
15-->src/debug/AndroidManifest.xml:7:22-64
16    <uses-permission android:name="android.permission.ACCESS_NETWORK_STATE" />
16-->[:singularity_flutter] AndroidManifest.xml:9:5-79
16-->[:singularity_flutter] AndroidManifest.xml:9:22-76
17    <uses-permission android:name="android.permission.ACCESS_WIFI_STATE" />
17-->[:singularity_flutter] AndroidManifest.xml:10:5-76
17-->[:singularity_flutter] AndroidManifest.xml:10:22-73
18
19    <application
19-->src/main/AndroidManifest.xml:4:4-34:19
20        android:appComponentFactory="androidx.core.app.CoreComponentFactory"
20-->[androidx.core:core:1.6.0] AndroidManifest.xml:24:18-86
21        android:debuggable="true"
22        android:extractNativeLibs="false"
23        android:icon="@mipmap/ic_launcher"
23-->src/main/AndroidManifest.xml:7:8-42
24        android:label="Neobrix"
24-->src/main/AndroidManifest.xml:6:8-31
25        android:testOnly="true" >
26        <activity
26-->src/main/AndroidManifest.xml:8:4-28:20
27            android:name="com.neobrix.singularity_flutter_example.MainActivity"
27-->src/main/AndroidManifest.xml:9:13-41
28            android:configChanges="orientation|keyboardHidden|keyboard|screenSize|smallestScreenSize|locale|layoutDirection|fontScale|screenLayout|density|uiMode"
28-->src/main/AndroidManifest.xml:13:13-163
29            android:exported="true"
29-->src/main/AndroidManifest.xml:10:13-36
30            android:hardwareAccelerated="true"
30-->src/main/AndroidManifest.xml:14:13-47
31            android:launchMode="singleTop"
31-->src/main/AndroidManifest.xml:11:13-43
32            android:theme="@style/LaunchTheme"
32-->src/main/AndroidManifest.xml:12:13-47
33            android:windowSoftInputMode="adjustResize" >
33-->src/main/AndroidManifest.xml:15:13-55
34
35            <!--
36                 Specifies an Android theme to apply to this Activity as soon as
37                 the Android process has started. This theme is visible to the user
38                 while the Flutter UI initializes. After that, this theme continues
39                 to determine the Window background behind the Flutter UI.
40            -->
41            <meta-data
41-->src/main/AndroidManifest.xml:20:13-23:17
42                android:name="io.flutter.embedding.android.NormalTheme"
42-->src/main/AndroidManifest.xml:21:15-70
43                android:resource="@style/NormalTheme" />
43-->src/main/AndroidManifest.xml:22:15-52
44
45            <intent-filter>
45-->src/main/AndroidManifest.xml:24:13-27:29
46                <action android:name="android.intent.action.MAIN" />
46-->src/main/AndroidManifest.xml:25:17-68
46-->src/main/AndroidManifest.xml:25:25-66
47
48                <category android:name="android.intent.category.LAUNCHER" />
48-->src/main/AndroidManifest.xml:26:17-76
48-->src/main/AndroidManifest.xml:26:27-74
49            </intent-filter>
50        </activity>
51        <!--
52             Don't delete the meta-data below.
53             This is used by the Flutter tool to generate GeneratedPluginRegistrant.java
54        -->
55        <meta-data
55-->src/main/AndroidManifest.xml:31:9-33:33
56            android:name="flutterEmbedding"
56-->src/main/AndroidManifest.xml:32:13-44
57            android:value="2" />
57-->src/main/AndroidManifest.xml:33:13-30
58
59        <activity
59-->[:singularity_flutter] AndroidManifest.xml:13:9-16:54
60            android:name="com.neobrix.singularity_flutter.SingularityLoginActivity"
60-->[:singularity_flutter] AndroidManifest.xml:14:13-84
61            android:screenOrientation="portrait"
61-->[:singularity_flutter] AndroidManifest.xml:15:13-49
62            android:theme="@style/Theme.AppCompat" />
62-->[:singularity_flutter] AndroidManifest.xml:16:13-51
63
64        <uses-library
64-->[androidx.window:window:1.0.0-beta04] AndroidManifest.xml:25:9-27:40
65            android:name="androidx.window.extensions"
65-->[androidx.window:window:1.0.0-beta04] AndroidManifest.xml:26:13-54
66            android:required="false" />
66-->[androidx.window:window:1.0.0-beta04] AndroidManifest.xml:27:13-37
67        <uses-library
67-->[androidx.window:window:1.0.0-beta04] AndroidManifest.xml:28:9-30:40
68            android:name="androidx.window.sidecar"
68-->[androidx.window:window:1.0.0-beta04] AndroidManifest.xml:29:13-51
69            android:required="false" />
69-->[androidx.window:window:1.0.0-beta04] AndroidManifest.xml:30:13-37
70    </application>
71
72</manifest>